[2025-10-07 17:22:06] === REQUEST START ===
[2025-10-07 17:22:06] ✅ Language updated to: en
[2025-10-07 17:32:41] === REQUEST START ===
[2025-10-07 17:32:41] ✅ Theme updated to: dark
[2025-10-07 17:32:44] === REQUEST START ===
[2025-10-07 17:32:44] ✅ Theme updated to: light
[2025-10-07 17:32:49] === REQUEST START ===
[2025-10-07 17:32:49] ✅ Theme updated to: dark
[2025-10-07 17:32:54] === REQUEST START ===
[2025-10-07 17:32:54] ✅ Theme updated to: light
[2025-10-07 17:32:57] === REQUEST START ===
[2025-10-07 17:32:57] ✅ Language updated to: en
[2025-10-07 17:33:00] === REQUEST START ===
[2025-10-07 17:33:00] ✅ Language updated to: th
[2025-10-07 17:33:02] === REQUEST START ===
[2025-10-07 17:33:02] ✅ Language updated to: my
[2025-10-07 17:33:04] === REQUEST START ===
[2025-10-07 17:33:04] ✅ Language updated to: en
[2025-10-07 18:09:03] === REQUEST START ===
[2025-10-07 18:09:03] ERROR: Not authenticated!
[2025-10-07 18:21:33] === REQUEST START ===
[2025-10-07 18:21:33] ✅ Theme updated to: dark
[2025-10-07 18:21:37] === REQUEST START ===
[2025-10-07 18:21:37] ✅ Theme updated to: light
[2025-10-07 18:22:12] === REQUEST START ===
[2025-10-07 18:22:12] ✅ Language updated to: my
[2025-10-07 18:22:13] === REQUEST START ===
[2025-10-07 18:22:13] ✅ Language updated to: th
[2025-10-07 18:22:14] === REQUEST START ===
[2025-10-07 18:22:15] ✅ Language updated to: en
[2025-10-07 18:26:00] === REQUEST START ===
[2025-10-07 18:26:00] ✅ Theme updated to: dark
[2025-10-07 18:26:10] === REQUEST START ===
[2025-10-07 18:26:10] ✅ Theme updated to: light
[2025-10-07 19:01:42] === REQUEST START ===
[2025-10-07 19:01:42] ✅ Language updated to: th
[2025-10-07 19:01:45] === REQUEST START ===
[2025-10-07 19:01:45] ✅ Language updated to: my
[2025-10-07 19:01:48] === REQUEST START ===
[2025-10-07 19:01:48] ✅ Language updated to: th
[2025-10-07 19:01:48] === REQUEST START ===
[2025-10-07 19:01:48] ✅ Language updated to: en
[2025-10-07 19:27:29] === REQUEST START ===
[2025-10-07 19:27:29] ✅ Theme updated to: dark
[2025-10-07 19:27:33] === REQUEST START ===
[2025-10-07 19:27:33] ✅ Theme updated to: light
[2025-10-07 19:29:28] === REQUEST START ===
[2025-10-07 19:29:28] ✅ Language updated to: th
[2025-10-07 19:30:13] === REQUEST START ===
[2025-10-07 19:30:13] ✅ Language updated to: my
[2025-10-07 19:30:17] === REQUEST START ===
[2025-10-07 19:30:17] ✅ Language updated to: en
[2025-10-07 19:31:17] === REQUEST START ===
[2025-10-07 19:31:17] ✅ Language updated to: th
[2025-10-07 19:31:19] === REQUEST START ===
[2025-10-07 19:31:19] ✅ Language updated to: my
[2025-10-07 19:31:21] === REQUEST START ===
[2025-10-07 19:31:21] ✅ Language updated to: th
[2025-10-07 19:51:30] === REQUEST START ===
[2025-10-07 19:51:30] ✅ Theme updated to: dark
[2025-10-07 19:51:34] === REQUEST START ===
[2025-10-07 19:51:34] ✅ Theme updated to: light
[2025-10-07 19:51:48] === REQUEST START ===
[2025-10-07 19:51:48] ✅ Language updated to: en
[2025-10-07 19:51:50] === REQUEST START ===
[2025-10-07 19:51:50] ✅ Language updated to: th
[2025-10-07 19:51:51] === REQUEST START ===
[2025-10-07 19:51:51] ✅ Language updated to: my
[2025-10-07 19:51:53] === REQUEST START ===
[2025-10-07 19:51:53] ✅ Language updated to: th
[2025-10-07 19:51:56] === REQUEST START ===
[2025-10-07 19:51:56] ✅ Language updated to: en
[2025-10-07 19:54:45] === REQUEST START ===
[2025-10-07 19:54:45] ✅ Theme updated to: dark
[2025-10-07 19:54:50] === REQUEST START ===
[2025-10-07 19:54:50] ✅ Theme updated to: light
[2025-10-07 20:01:22] === REQUEST START ===
[2025-10-07 20:01:22] ✅ Language updated to: th
[2025-10-07 20:01:24] === REQUEST START ===
[2025-10-07 20:01:24] ✅ Language updated to: my
[2025-10-07 20:01:27] === REQUEST START ===
[2025-10-07 20:01:27] ✅ Language updated to: en
[2025-10-07 20:01:42] === REQUEST START ===
[2025-10-07 20:01:42] ✅ Language updated to: th
[2025-10-07 20:01:43] === REQUEST START ===
[2025-10-07 20:01:43] ✅ Language updated to: en
[2025-10-07 20:01:43] === REQUEST START ===
[2025-10-07 20:01:43] ✅ Language updated to: my
[2025-10-07 20:01:44] === REQUEST START ===
[2025-10-07 20:01:44] ✅ Language updated to: en
[2025-10-07 20:01:44] === REQUEST START ===
[2025-10-07 20:01:44] ✅ Language updated to: th
[2025-10-07 20:01:44] === REQUEST START ===
[2025-10-07 20:01:44] ✅ Language updated to: th
[2025-10-07 20:01:45] === REQUEST START ===
[2025-10-07 20:01:45] ✅ Language updated to: my
[2025-10-07 20:01:45] === REQUEST START ===
[2025-10-07 20:01:45] ✅ Language updated to: en
[2025-10-07 20:01:45] === REQUEST START ===
[2025-10-07 20:01:45] ✅ Language updated to: th
[2025-10-07 20:03:51] === REQUEST START ===
[2025-10-07 20:03:51] ✅ Language updated to: en
[2025-10-07 20:03:54] === REQUEST START ===
[2025-10-07 20:03:54] ✅ Language updated to: my
[2025-10-07 20:03:55] === REQUEST START ===
[2025-10-07 20:03:55] ✅ Language updated to: th
[2025-10-07 20:06:56] === REQUEST START ===
[2025-10-07 20:06:56] ✅ Language updated to: en
[2025-10-07 20:06:56] === REQUEST START ===
[2025-10-07 20:06:56] ✅ Language updated to: my
[2025-10-07 20:06:58] === REQUEST START ===
[2025-10-07 20:06:58] ✅ Language updated to: th
[2025-10-07 20:14:29] === REQUEST START ===
[2025-10-07 20:14:29] ✅ Language updated to: th
[2025-10-07 20:14:52] === REQUEST START ===
[2025-10-07 20:14:52] ✅ Language updated to: en
[2025-10-07 20:14:53] === REQUEST START ===
[2025-10-07 20:14:53] ✅ Language updated to: my
[2025-10-07 20:14:55] === REQUEST START ===
[2025-10-07 20:14:55] ✅ Language updated to: th
[2025-10-07 20:16:19] === REQUEST START ===
[2025-10-07 20:16:19] ✅ Language updated to: en
[2025-10-07 20:16:20] === REQUEST START ===
[2025-10-07 20:16:20] ✅ Language updated to: my
[2025-10-07 20:16:22] === REQUEST START ===
[2025-10-07 20:16:22] ✅ Language updated to: th
[2025-10-07 20:16:51] === REQUEST START ===
[2025-10-07 20:16:51] ✅ Language updated to: en
[2025-10-07 20:16:52] === REQUEST START ===
[2025-10-07 20:16:52] ✅ Language updated to: my
[2025-10-07 20:16:58] === REQUEST START ===
[2025-10-07 20:16:58] ✅ Language updated to: th
[2025-10-07 20:17:34] === REQUEST START ===
[2025-10-07 20:17:34] ✅ Language updated to: en
[2025-10-07 20:17:43] === REQUEST START ===
[2025-10-07 20:17:43] ✅ Language updated to: th
[2025-10-08 16:05:04] === REQUEST START ===
[2025-10-08 16:05:04] ✅ Language updated to: en
[2025-10-08 16:05:05] === REQUEST START ===
[2025-10-08 16:05:05] ✅ Language updated to: my
[2025-10-08 16:05:07] === REQUEST START ===
[2025-10-08 16:05:07] ✅ Language updated to: th
[2025-10-08 16:48:29] === REQUEST START ===
[2025-10-08 16:48:29] ✅ Language updated to: en
[2025-10-08 16:48:30] === REQUEST START ===
[2025-10-08 16:48:30] ✅ Theme updated to: dark
[2025-10-08 16:54:19] === REQUEST START ===
[2025-10-08 16:54:19] ERROR: Not authenticated!
[2025-10-08 16:55:01] === REQUEST START ===
[2025-10-08 16:55:01] ERROR: Not authenticated!
[2025-10-08 16:55:02] === REQUEST START ===
[2025-10-08 16:55:02] ERROR: Not authenticated!
[2025-10-08 16:55:11] === REQUEST START ===
[2025-10-08 16:55:11] ✅ Theme updated to: light
[2025-10-08 16:55:15] === REQUEST START ===
[2025-10-08 16:55:15] ✅ Language updated to: th
